<?xml version="1.0" encoding="UTF-8" ?>
<testsuite tests="35" failures="0" name="steps.TestRunner" time="0.658" errors="0" skipped="35">
  <properties>
    <property name="java.runtime.name" value="Java(TM) SE Runtime Environment"/>
    <property name="sun.boot.library.path" value="C:\Program Files\Java\jdk1.8.0_221\jre\bin"/>
    <property name="java.vm.version" value="25.221-b11"/>
    <property name="java.vm.vendor" value="Oracle Corporation"/>
    <property name="maven.multiModuleProjectDirectory" value="C:\Users\AnonymousClass\WorkFolder\GIT\JavaPractice\Software Testing\Recap"/>
    <property name="java.vendor.url" value="http://java.oracle.com/"/>
    <property name="path.separator" value=";"/>
    <property name="guice.disable.misplaced.annotation.check" value="true"/>
    <property name="java.vm.name" value="Java HotSpot(TM) 64-Bit Server VM"/>
    <property name="file.encoding.pkg" value="sun.io"/>
    <property name="user.script" value=""/>
    <property name="user.country" value="US"/>
    <property name="sun.java.launcher" value="SUN_STANDARD"/>
    <property name="sun.os.patch.level" value=""/>
    <property name="java.vm.specification.name" value="Java Virtual Machine Specification"/>
    <property name="user.dir" value="C:\Users\AnonymousClass\WorkFolder\GIT\JavaPractice\Software Testing\Recap"/>
    <property name="java.runtime.version" value="1.8.0_221-b11"/>
    <property name="java.awt.graphicsenv" value="sun.awt.Win32GraphicsEnvironment"/>
    <property name="java.endorsed.dirs" value="C:\Program Files\Java\jdk1.8.0_221\jre\lib\endorsed"/>
    <property name="os.arch" value="amd64"/>
    <property name="java.io.tmpdir" value="C:\Users\ANONYM~1\AppData\Local\Temp\"/>
    <property name="line.separator" value="
"/>
    <property name="java.vm.specification.vendor" value="Oracle Corporation"/>
    <property name="user.variant" value=""/>
    <property name="os.name" value="Windows 10"/>
    <property name="classworlds.conf" value="D:\Downloads\apache-maven-3.6.2-bin\apache-maven-3.6.2\bin\..\bin\m2.conf"/>
    <property name="sun.jnu.encoding" value="Cp1252"/>
    <property name="java.library.path" value="C:\Program Files\Java\jdk1.8.0_221\bin;C:\Windows\Sun\Java\bin;C:\Windows\system32;C:\Windows;C:\Program Files (x86)\Common Files\Oracle\Java\javapath;C:\Windows\system32;C:\Windows;C:\Windows\System32\Wbem;C:\Windows\System32\WindowsPowerShell\v1.0\;C:\Windows\System32\OpenSSH\;C:\Program Files (x86)\NVIDIA Corporation\PhysX\Common;C:\Program Files\NVIDIA Corporation\NVIDIA NvDLISR;D:\Programs\Matlab\runtime\win64;D:\Programs\Matlab\bin;C:\Program Files\PuTTY\;C:\ProgramData\chocolatey\bin;C:\Program Files\Git\cmd\bin;D:\Downloads\apache-maven-3.6.2-bin\apache-maven-3.6.2\bin;C:\Users\AnonymousClass\AppData\Local\Programs\Python\Python37-32\Scripts\;C:\Users\AnonymousClass\AppData\Local\Programs\Python\Python37-32\;C:\Users\AnonymousClass\AppData\Local\Microsoft\WindowsApps;D:\Programs\IntellijIDEA\IntelliJ IDEA Community Edition 2019.1.1\bin;;C:\Users\AnonymousClass\AppData\Local\Programs\Microsoft VS Code\bin;C:\Program Files\Java\jdk-12.0.1\bin;C:\Program Files\JetBrains\PyCharm Community Edition 2019.2.1\bin;;D:\Downloads\apache-maven-3.6.2-bin\apache-maven-3.6.2\bin;;."/>
    <property name="maven.conf" value="D:\Downloads\apache-maven-3.6.2-bin\apache-maven-3.6.2\bin\../conf"/>
    <property name="java.specification.name" value="Java Platform API Specification"/>
    <property name="java.class.version" value="52.0"/>
    <property name="sun.management.compiler" value="HotSpot 64-Bit Tiered Compilers"/>
    <property name="os.version" value="10.0"/>
    <property name="library.jansi.path" value="D:\Downloads\apache-maven-3.6.2-bin\apache-maven-3.6.2\bin\..\lib\jansi-native"/>
    <property name="user.home" value="C:\Users\AnonymousClass"/>
    <property name="user.timezone" value="Europe/Athens"/>
    <property name="java.awt.printerjob" value="sun.awt.windows.WPrinterJob"/>
    <property name="java.specification.version" value="1.8"/>
    <property name="file.encoding" value="Cp1252"/>
    <property name="user.name" value="AnonymousClass"/>
    <property name="java.class.path" value="D:\Downloads\apache-maven-3.6.2-bin\apache-maven-3.6.2\bin\..\boot\plexus-classworlds-2.6.0.jar"/>
    <property name="java.vm.specification.version" value="1.8"/>
    <property name="sun.arch.data.model" value="64"/>
    <property name="java.home" value="C:\Program Files\Java\jdk1.8.0_221\jre"/>
    <property name="sun.java.command" value="org.codehaus.plexus.classworlds.launcher.Launcher clean install"/>
    <property name="java.specification.vendor" value="Oracle Corporation"/>
    <property name="user.language" value="en"/>
    <property name="awt.toolkit" value="sun.awt.windows.WToolkit"/>
    <property name="java.vm.info" value="mixed mode"/>
    <property name="java.version" value="1.8.0_221"/>
    <property name="java.ext.dirs" value="C:\Program Files\Java\jdk1.8.0_221\jre\lib\ext;C:\Windows\Sun\Java\lib\ext"/>
    <property name="sun.boot.class.path" value="C:\Program Files\Java\jdk1.8.0_221\jre\lib\resources.jar;C:\Program Files\Java\jdk1.8.0_221\jre\lib\rt.jar;C:\Program Files\Java\jdk1.8.0_221\jre\lib\sunrsasign.jar;C:\Program Files\Java\jdk1.8.0_221\jre\lib\jsse.jar;C:\Program Files\Java\jdk1.8.0_221\jre\lib\jce.jar;C:\Program Files\Java\jdk1.8.0_221\jre\lib\charsets.jar;C:\Program Files\Java\jdk1.8.0_221\jre\lib\jfr.jar;C:\Program Files\Java\jdk1.8.0_221\jre\classes"/>
    <property name="sun.stderr.encoding" value="cp437"/>
    <property name="java.vendor" value="Oracle Corporation"/>
    <property name="maven.home" value="D:\Downloads\apache-maven-3.6.2-bin\apache-maven-3.6.2\bin\.."/>
    <property name="file.separator" value="\"/>
    <property name="java.vendor.url.bug" value="http://bugreport.sun.com/bugreport/"/>
    <property name="sun.cpu.endian" value="little"/>
    <property name="sun.io.unicode.encoding" value="UnicodeLittle"/>
    <property name="sun.stdout.encoding" value="cp437"/>
    <property name="sun.desktop" value="windows"/>
    <property name="sun.cpu.isalist" value="amd64"/>
  </properties>
  <testcase classname="Contact Form" name="Contact Form Success" time="0.044">
    <skipped/>
    <system-out>Feature: Contact Form

  Scenario Outline: Contact Form Success &amp;#27;[90m# src/test/resources/features/contact.feature:7&amp;#27;[0m
    &amp;#27;[36mAnd I select &quot;&lt;subject heading&gt;&quot;&amp;#27;[0m
    &amp;#27;[36mAnd I enter an email address &quot;&lt;email address&gt;&quot;&amp;#27;[0m
    &amp;#27;[36mAnd I write a message &quot;&lt;message&gt;&quot;&amp;#27;[0m
    &amp;#27;[36mAnd I click on button Send&amp;#27;[0m
    &amp;#27;[36mThen I receive success message &quot;&lt;success message&gt;&quot;&amp;#27;[0m

    Examples: 

  Background:                                           &amp;#27;[90m# src/test/resources/features/contact.feature:3&amp;#27;[0m
    &amp;#27;[33mGiven &amp;#27;[0m&amp;#27;[33mI access the website in automation.properties&amp;#27;[0m &amp;#27;[90m# null&amp;#27;[0m
    &amp;#27;[33mWhen &amp;#27;[0m&amp;#27;[33mI click on Contact us&amp;#27;[0m                          &amp;#27;[90m# null&amp;#27;[0m

  Scenario Outline: Contact Form Success                                                  &amp;#27;[90m# src/test/resources/features/contact.feature:16&amp;#27;[0m
    &amp;#27;[33mAnd &amp;#27;[0m&amp;#27;[33mI select &quot;Customer service&quot;&amp;#27;[0m                                                       &amp;#27;[90m# null&amp;#27;[0m
    &amp;#27;[33mAnd &amp;#27;[0m&amp;#27;[33mI enter an email address &quot;email@yahoo.com&quot;&amp;#27;[0m                                        &amp;#27;[90m# null&amp;#27;[0m
    &amp;#27;[33mAnd &amp;#27;[0m&amp;#27;[33mI write a message &quot;I request assistance&quot;&amp;#27;[0m                                          &amp;#27;[90m# null&amp;#27;[0m
    &amp;#27;[33mAnd &amp;#27;[0m&amp;#27;[33mI click on button Send&amp;#27;[0m                                                            &amp;#27;[90m# null&amp;#27;[0m
    &amp;#27;[33mThen &amp;#27;[0m&amp;#27;[33mI receive success message &quot;Your message has been successfully sent to our team.&quot;&amp;#27;[0m &amp;#27;[90m# null&amp;#27;[0m
</system-out>
    <system-err>Oct 22, 2019 10:38:13 AM cucumber.runtime.java.ObjectFactoryLoader loadSingleObjectFactory
INFO: Loading ObjectFactory via service loader: io.cucumber.spring.SpringFactory
</system-err>
  </testcase>
  <testcase classname="Contact Form" name="Contact Form Success" time="0.047">
    <skipped/>
  </testcase>
  <testcase classname="Contact Form" name="Contact Form Success" time="0.047">
    <skipped/>
  </testcase>
  <testcase classname="Contact Form" name="Contact Form Success" time="0.048">
    <skipped/>
  </testcase>
  <testcase classname="Contact Form" name="Contact Form Success" time="0.048">
    <skipped/>
  </testcase>
  <testcase classname="Contact Form" name="Contact Form Success" time="0.048">
    <skipped/>
  </testcase>
  <testcase classname="Contact Form" name="Contact Form Success" time="0.048">
    <skipped/>
  </testcase>
  <testcase classname="Contact Form" name="Contact Form Success" time="0.007">
    <skipped/>
    <system-out>
  Background:                                           &amp;#27;[90m# src/test/resources/features/contact.feature:3&amp;#27;[0m
    &amp;#27;[33mGiven &amp;#27;[0m&amp;#27;[33mI access the website in automation.properties&amp;#27;[0m &amp;#27;[90m# null&amp;#27;[0m
    &amp;#27;[33mWhen &amp;#27;[0m&amp;#27;[33mI click on Contact us&amp;#27;[0m                          &amp;#27;[90m# null&amp;#27;[0m

  Scenario Outline: Contact Form Success                                                  &amp;#27;[90m# src/test/resources/features/contact.feature:17&amp;#27;[0m
    &amp;#27;[33mAnd &amp;#27;[0m&amp;#27;[33mI select &quot;Webmaster&quot;&amp;#27;[0m                                                              &amp;#27;[90m# null&amp;#27;[0m
    &amp;#27;[33mAnd &amp;#27;[0m&amp;#27;[33mI enter an email address &quot;cat@yahoo.com&quot;&amp;#27;[0m                                          &amp;#27;[90m# null&amp;#27;[0m
    &amp;#27;[33mAnd &amp;#27;[0m&amp;#27;[33mI write a message &quot;I want milk&quot;&amp;#27;[0m                                                   &amp;#27;[90m# null&amp;#27;[0m
    &amp;#27;[33mAnd &amp;#27;[0m&amp;#27;[33mI click on button Send&amp;#27;[0m                                                            &amp;#27;[90m# null&amp;#27;[0m
    &amp;#27;[33mThen &amp;#27;[0m&amp;#27;[33mI receive success message &quot;Your message has been successfully sent to our team.&quot;&amp;#27;[0m &amp;#27;[90m# null&amp;#27;[0m
</system-out>
  </testcase>
  <testcase classname="Contact Form" name="Contact Form Success" time="0.007">
    <skipped/>
  </testcase>
  <testcase classname="Contact Form" name="Contact Form Success" time="0.007">
    <skipped/>
  </testcase>
  <testcase classname="Contact Form" name="Contact Form Success" time="0.007">
    <skipped/>
  </testcase>
  <testcase classname="Contact Form" name="Contact Form Success" time="0.007">
    <skipped/>
  </testcase>
  <testcase classname="Contact Form" name="Contact Form Success" time="0.007">
    <skipped/>
  </testcase>
  <testcase classname="Contact Form" name="Contact Form Success" time="0.007">
    <skipped/>
  </testcase>
  <testcase classname="Contact Form" name="Contact Form Failure" time="0.032">
    <skipped/>
    <system-out>
  Scenario Outline: Contact Form Failure &amp;#27;[90m# src/test/resources/features/contact.feature:19&amp;#27;[0m
    &amp;#27;[36mAnd I select &quot;&lt;subject heading&gt;&quot;&amp;#27;[0m
    &amp;#27;[36mAnd I enter an email address &quot;&lt;email address&gt;&quot;&amp;#27;[0m
    &amp;#27;[36mAnd I write a message &quot;&lt;message&gt;&quot;&amp;#27;[0m
    &amp;#27;[36mAnd I click on button Send&amp;#27;[0m
    &amp;#27;[36mThen I receive error message &quot;&lt;error message&gt;&quot;&amp;#27;[0m

    Examples: 

  Background:                                           &amp;#27;[90m# src/test/resources/features/contact.feature:3&amp;#27;[0m
    &amp;#27;[33mGiven &amp;#27;[0m&amp;#27;[33mI access the website in automation.properties&amp;#27;[0m &amp;#27;[90m# null&amp;#27;[0m
    &amp;#27;[33mWhen &amp;#27;[0m&amp;#27;[33mI click on Contact us&amp;#27;[0m                          &amp;#27;[90m# null&amp;#27;[0m

  Scenario Outline: Contact Form Failure                                           &amp;#27;[90m# src/test/resources/features/contact.feature:28&amp;#27;[0m
    &amp;#27;[33mAnd &amp;#27;[0m&amp;#27;[33mI select &quot;-- Choose --&quot;&amp;#27;[0m                                                    &amp;#27;[90m# null&amp;#27;[0m
    &amp;#27;[33mAnd &amp;#27;[0m&amp;#27;[33mI enter an email address &quot;email@yahoo.com&quot;&amp;#27;[0m                                 &amp;#27;[90m# null&amp;#27;[0m
    &amp;#27;[33mAnd &amp;#27;[0m&amp;#27;[33mI write a message &quot;I request assistance&quot;&amp;#27;[0m                                   &amp;#27;[90m# null&amp;#27;[0m
    &amp;#27;[33mAnd &amp;#27;[0m&amp;#27;[33mI click on button Send&amp;#27;[0m                                                     &amp;#27;[90m# null&amp;#27;[0m
    &amp;#27;[33mThen &amp;#27;[0m&amp;#27;[33mI receive error message &quot;Please select a subject from the list provided.&quot;&amp;#27;[0m &amp;#27;[90m# null&amp;#27;[0m
</system-out>
  </testcase>
  <testcase classname="Contact Form" name="Contact Form Failure" time="0.032">
    <skipped/>
  </testcase>
  <testcase classname="Contact Form" name="Contact Form Failure" time="0.032">
    <skipped/>
  </testcase>
  <testcase classname="Contact Form" name="Contact Form Failure" time="0.032">
    <skipped/>
  </testcase>
  <testcase classname="Contact Form" name="Contact Form Failure" time="0.032">
    <skipped/>
  </testcase>
  <testcase classname="Contact Form" name="Contact Form Failure" time="0.032">
    <skipped/>
  </testcase>
  <testcase classname="Contact Form" name="Contact Form Failure" time="0.032">
    <skipped/>
  </testcase>
  <testcase classname="Contact Form" name="Contact Form Failure" time="0.003">
    <skipped/>
    <system-out>
  Background:                                           &amp;#27;[90m# src/test/resources/features/contact.feature:3&amp;#27;[0m
    &amp;#27;[33mGiven &amp;#27;[0m&amp;#27;[33mI access the website in automation.properties&amp;#27;[0m &amp;#27;[90m# null&amp;#27;[0m
    &amp;#27;[33mWhen &amp;#27;[0m&amp;#27;[33mI click on Contact us&amp;#27;[0m                          &amp;#27;[90m# null&amp;#27;[0m

  Scenario Outline: Contact Form Failure                  &amp;#27;[90m# src/test/resources/features/contact.feature:29&amp;#27;[0m
    &amp;#27;[33mAnd &amp;#27;[0m&amp;#27;[33mI select &quot;Customer service&quot;&amp;#27;[0m                       &amp;#27;[90m# null&amp;#27;[0m
    &amp;#27;[33mAnd &amp;#27;[0m&amp;#27;[33mI enter an email address &quot;&quot;&amp;#27;[0m                       &amp;#27;[90m# null&amp;#27;[0m
    &amp;#27;[33mAnd &amp;#27;[0m&amp;#27;[33mI write a message &quot;I want milk&quot;&amp;#27;[0m                   &amp;#27;[90m# null&amp;#27;[0m
    &amp;#27;[33mAnd &amp;#27;[0m&amp;#27;[33mI click on button Send&amp;#27;[0m                            &amp;#27;[90m# null&amp;#27;[0m
    &amp;#27;[33mThen &amp;#27;[0m&amp;#27;[33mI receive error message &quot;Invalid email address.&quot;&amp;#27;[0m &amp;#27;[90m# null&amp;#27;[0m
</system-out>
  </testcase>
  <testcase classname="Contact Form" name="Contact Form Failure" time="0.004">
    <skipped/>
  </testcase>
  <testcase classname="Contact Form" name="Contact Form Failure" time="0.004">
    <skipped/>
  </testcase>
  <testcase classname="Contact Form" name="Contact Form Failure" time="0.004">
    <skipped/>
  </testcase>
  <testcase classname="Contact Form" name="Contact Form Failure" time="0.004">
    <skipped/>
  </testcase>
  <testcase classname="Contact Form" name="Contact Form Failure" time="0.004">
    <skipped/>
  </testcase>
  <testcase classname="Contact Form" name="Contact Form Failure" time="0.004">
    <skipped/>
  </testcase>
  <testcase classname="Contact Form" name="Contact Form Failure" time="0.004">
    <skipped/>
    <system-out>
  Background:                                           &amp;#27;[90m# src/test/resources/features/contact.feature:3&amp;#27;[0m
    &amp;#27;[33mGiven &amp;#27;[0m&amp;#27;[33mI access the website in automation.properties&amp;#27;[0m &amp;#27;[90m# null&amp;#27;[0m
    &amp;#27;[33mWhen &amp;#27;[0m&amp;#27;[33mI click on Contact us&amp;#27;[0m                          &amp;#27;[90m# null&amp;#27;[0m

  Scenario Outline: Contact Form Failure                        &amp;#27;[90m# src/test/resources/features/contact.feature:30&amp;#27;[0m
    &amp;#27;[33mAnd &amp;#27;[0m&amp;#27;[33mI select &quot;Webmaster&quot;&amp;#27;[0m                                    &amp;#27;[90m# null&amp;#27;[0m
    &amp;#27;[33mAnd &amp;#27;[0m&amp;#27;[33mI enter an email address &quot;email@address.com&quot;&amp;#27;[0m            &amp;#27;[90m# null&amp;#27;[0m
    &amp;#27;[33mAnd &amp;#27;[0m&amp;#27;[33mI write a message &quot;&quot;&amp;#27;[0m                                    &amp;#27;[90m# null&amp;#27;[0m
    &amp;#27;[33mAnd &amp;#27;[0m&amp;#27;[33mI click on button Send&amp;#27;[0m                                  &amp;#27;[90m# null&amp;#27;[0m
    &amp;#27;[33mThen &amp;#27;[0m&amp;#27;[33mI receive error message &quot;The message cannot be blank.&quot;&amp;#27;[0m &amp;#27;[90m# null&amp;#27;[0m
</system-out>
  </testcase>
  <testcase classname="Contact Form" name="Contact Form Failure" time="0.004">
    <skipped/>
  </testcase>
  <testcase classname="Contact Form" name="Contact Form Failure" time="0.004">
    <skipped/>
  </testcase>
  <testcase classname="Contact Form" name="Contact Form Failure" time="0.004">
    <skipped/>
  </testcase>
  <testcase classname="Contact Form" name="Contact Form Failure" time="0.004">
    <skipped/>
  </testcase>
  <testcase classname="Contact Form" name="Contact Form Failure" time="0.004">
    <skipped/>
  </testcase>
  <testcase classname="Contact Form" name="Contact Form Failure" time="0.004">
    <skipped/>
  </testcase>
</testsuite>